INT_TOKEN int
ID_TOKEN fact
OPAREN_TOKEN (
INT_TOKEN int
ID_TOKEN x
CPAREN_TOKEN )
OCURLY_TOKEN {
IF_TOKEN if
OPAREN_TOKEN (
ID_TOKEN x
GREATER_TOKEN >
NUM_TOKEN 1
CPAREN_TOKEN )
RETURN_TOKEN return
ID_TOKEN x
MULT_TOKEN *
ID_TOKEN fact
OPAREN_TOKEN (
ID_TOKEN x
MINUS_TOKEN -
NUM_TOKEN 1
CPAREN_TOKEN )
SEMICOLON_TOKEN ;
ELSE_TOKEN else
RETURN_TOKEN return
NUM_TOKEN 1
SEMICOLON_TOKEN ;
CCURLY_TOKEN }
VOID_TOKEN void
ID_TOKEN main
OPAREN_TOKEN (
VOID_TOKEN void
CPAREN_TOKEN )
OCURLY_TOKEN {
INT_TOKEN int
ID_TOKEN x
SEMICOLON_TOKEN ;
ID_TOKEN x
ASSIGN_TOKEN =
ID_TOKEN read
OPAREN_TOKEN (
CPAREN_TOKEN )
SEMICOLON_TOKEN ;
IF_TOKEN if
OPAREN_TOKEN (
ID_TOKEN x
GREATER_TOKEN >
NUM_TOKEN 0
CPAREN_TOKEN )
ID_TOKEN write
OPAREN_TOKEN (
ID_TOKEN fact
OPAREN_TOKEN (
ID_TOKEN x
CPAREN_TOKEN )
CPAREN_TOKEN )
SEMICOLON_TOKEN ;
CCURLY_TOKEN }
